<?xml version="1.0" encoding="UTF-8"?>
<testsuite xmlns:xsi="http://www.w3.org/2001/XMLSchema-instance" xsi:noNamespaceSchemaLocation="https://maven.apache.org/surefire/maven-surefire-plugin/xsd/surefire-test-report.xsd" name="pt.unl.fct.miei.microservicesmanagement.manager.local.ManagerLocalTests" time="2.218" tests="2" errors="0" skipped="0" failures="0">
  <properties>
[...]
</properties>
  <testcase name="databaseTest" classname="pt.unl.fct.miei.microservicesmanagement.manager.local.ManagerLocalTests" time="0.53"/>
  <testcase name="contextLoads" classname="pt.unl.fct.miei.microservicesmanagement.manager.local.ManagerLocalTests" time="0.003"/>
</testsuite>